0 info it worked if it ends with ok
1 verbose cli [ '/usr/bin/nodejs', '/usr/bin/npm', 'i', '-g', 'bower' ]
2 info using npm@3.10.10
3 info using node@v6.10.3
4 silly loadCurrentTree Starting
5 silly install loadCurrentTree
6 silly install readGlobalPackageData
7 silly fetchPackageMetaData bower
8 silly fetchNamedPackageData bower
9 silly mapToRegistry name bower
10 silly mapToRegistry using default registry
11 silly mapToRegistry registry https://registry.npmjs.org/
12 silly mapToRegistry data Result {
12 silly mapToRegistry   raw: 'bower',
12 silly mapToRegistry   scope: null,
12 silly mapToRegistry   escapedName: 'bower',
12 silly mapToRegistry   name: 'bower',
12 silly mapToRegistry   rawSpec: '',
12 silly mapToRegistry   spec: 'latest',
12 silly mapToRegistry   type: 'tag' }
13 silly mapToRegistry uri https://registry.npmjs.org/bower
14 verbose request uri https://registry.npmjs.org/bower
15 verbose request no auth needed
16 info attempt registry request try #1 at 3:37:05 PM
17 verbose request id f8742eb9470b79f4
18 http request GET https://registry.npmjs.org/bower
19 http 200 https://registry.npmjs.org/bower
20 verbose headers { server: 'nginx/1.10.3',
20 verbose headers   'content-type': 'application/json',
20 verbose headers   'last-modified': 'Fri, 02 Jun 2017 10:17:39 GMT',
20 verbose headers   etag: 'W/"59313b43-31488"',
20 verbose headers   'content-encoding': 'gzip',
20 verbose headers   'cache-control': 'max-age=300',
20 verbose headers   'content-length': '17204',
20 verbose headers   'accept-ranges': 'bytes',
20 verbose headers   date: 'Sat, 03 Jun 2017 10:07:07 GMT',
20 verbose headers   via: '1.1 varnish',
20 verbose headers   age: '186',
20 verbose headers   connection: 'keep-alive',
20 verbose headers   'x-served-by': 'cache-sin18025-SIN',
20 verbose headers   'x-cache': 'HIT',
20 verbose headers   'x-cache-hits': '1',
20 verbose headers   'x-timer': 'S1496484427.003880,VS0,VE0',
20 verbose headers   vary: 'Accept-Encoding' }
21 silly get cb [ 200,
21 silly get   { server: 'nginx/1.10.3',
21 silly get     'content-type': 'application/json',
21 silly get     'last-modified': 'Fri, 02 Jun 2017 10:17:39 GMT',
21 silly get     etag: 'W/"59313b43-31488"',
21 silly get     'content-encoding': 'gzip',
21 silly get     'cache-control': 'max-age=300',
21 silly get     'content-length': '17204',
21 silly get     'accept-ranges': 'bytes',
21 silly get     date: 'Sat, 03 Jun 2017 10:07:07 GMT',
21 silly get     via: '1.1 varnish',
21 silly get     age: '186',
21 silly get     connection: 'keep-alive',
21 silly get     'x-served-by': 'cache-sin18025-SIN',
21 silly get     'x-cache': 'HIT',
21 silly get     'x-cache-hits': '1',
21 silly get     'x-timer': 'S1496484427.003880,VS0,VE0',
21 silly get     vary: 'Accept-Encoding' } ]
22 verbose get saving bower to /home/santhosh/.npm/registry.npmjs.org/bower/.cache.json
23 verbose correctMkdir /home/santhosh/.npm correctMkdir not in flight; initializing
24 silly install normalizeTree
25 silly loadCurrentTree Finishing
26 silly loadIdealTree Starting
27 silly install loadIdealTree
28 silly cloneCurrentTree Starting
29 silly install cloneCurrentTreeToIdealTree
30 silly cloneCurrentTree Finishing
31 silly loadShrinkwrap Starting
32 silly install loadShrinkwrap
33 silly loadShrinkwrap Finishing
34 silly loadAllDepsIntoIdealTree Starting
35 silly install loadAllDepsIntoIdealTree
36 silly resolveWithNewModule bower@1.8.0 checking installable status
37 silly cache add args [ 'bower', null ]
38 verbose cache add spec bower
39 silly cache add parsed spec Result {
39 silly cache add   raw: 'bower',
39 silly cache add   scope: null,
39 silly cache add   escapedName: 'bower',
39 silly cache add   name: 'bower',
39 silly cache add   rawSpec: '',
39 silly cache add   spec: 'latest',
39 silly cache add   type: 'tag' }
40 silly addNamed bower@latest
41 verbose addNamed "latest" is being treated as a dist-tag for bower
42 info addNameTag [ 'bower', 'latest' ]
43 silly mapToRegistry name bower
44 silly mapToRegistry using default registry
45 silly mapToRegistry registry https://registry.npmjs.org/
46 silly mapToRegistry data Result {
46 silly mapToRegistry   raw: 'bower',
46 silly mapToRegistry   scope: null,
46 silly mapToRegistry   escapedName: 'bower',
46 silly mapToRegistry   name: 'bower',
46 silly mapToRegistry   rawSpec: '',
46 silly mapToRegistry   spec: 'latest',
46 silly mapToRegistry   type: 'tag' }
47 silly mapToRegistry uri https://registry.npmjs.org/bower
48 verbose addNameTag registry:https://registry.npmjs.org/bower not in flight; fetching
49 verbose get https://registry.npmjs.org/bower not expired, no request
50 silly addNameTag next cb for bower with tag latest
51 silly addNamed bower@1.8.0
52 verbose addNamed "1.8.0" is a plain semver version for bower
53 warn deprecated bower@1.8.0: ..psst! While Bower is maintained, we recommend Yarn and Webpack for *new* front-end projects! Yarn's advantage is security and reliability, and Webpack's is support for both CommonJS and AMD projects. Currently there's no migration path but we hope you'll help us figure out one.
54 silly mapToRegistry name bower
55 silly mapToRegistry using default registry
56 silly mapToRegistry registry https://registry.npmjs.org/
57 silly mapToRegistry data Result {
57 silly mapToRegistry   raw: 'bower',
57 silly mapToRegistry   scope: null,
57 silly mapToRegistry   escapedName: 'bower',
57 silly mapToRegistry   name: 'bower',
57 silly mapToRegistry   rawSpec: '',
57 silly mapToRegistry   spec: 'latest',
57 silly mapToRegistry   type: 'tag' }
58 silly mapToRegistry uri https://registry.npmjs.org/bower
59 verbose addRemoteTarball https://registry.npmjs.org/bower/-/bower-1.8.0.tgz not in flight; adding
60 verbose addRemoteTarball [ 'https://registry.npmjs.org/bower/-/bower-1.8.0.tgz',
60 verbose addRemoteTarball   '55dbebef0ad9155382d9e9d3e497c1372345b44a' ]
61 info retry fetch attempt 1 at 3:37:07 PM
62 info attempt registry request try #1 at 3:37:07 PM
63 http fetch GET https://registry.npmjs.org/bower/-/bower-1.8.0.tgz
64 http fetch 200 https://registry.npmjs.org/bower/-/bower-1.8.0.tgz
65 silly fetchAndShaCheck shasum 55dbebef0ad9155382d9e9d3e497c1372345b44a
66 verbose addTmpTarball /tmp/npm-5833-63c282b1/registry.npmjs.org/bower/-/bower-1.8.0.tgz not in flight; adding
67 verbose addTmpTarball already have metadata; skipping unpack for bower@1.8.0
68 verbose correctMkdir /home/santhosh/.npm correctMkdir not in flight; initializing
69 silly cache afterAdd bower@1.8.0
70 verbose afterAdd /home/santhosh/.npm/bower/1.8.0/package/package.json not in flight; writing
71 verbose correctMkdir /home/santhosh/.npm correctMkdir not in flight; initializing
72 verbose afterAdd /home/santhosh/.npm/bower/1.8.0/package/package.json written
73 silly loadAllDepsIntoIdealTree Finishing
74 silly loadIdealTree Finishing
75 silly currentTree lib
75 silly currentTree `-- bower@1.7.9
76 silly idealTree lib
76 silly idealTree `-- bower@1.8.0
77 silly generateActionsToTake Starting
78 silly install generateActionsToTake
79 warn checkPermissions Missing write access to /usr/lib/node_modules/bower
80 warn checkPermissions Missing write access to /usr/lib/node_modules
81 silly rollbackFailedOptional Starting
82 silly rollbackFailedOptional Finishing
83 silly runTopLevelLifecycles Finishing
84 silly install printInstalled
85 verbose stack Error: EACCES: permission denied, access '/usr/lib/node_modules/bower'
85 verbose stack     at Error (native)
86 verbose cwd /home/santhosh/Desktop/PMatrimony
87 error Linux 4.2.0-27-generic
88 error argv "/usr/bin/nodejs" "/usr/bin/npm" "i" "-g" "bower"
89 error node v6.10.3
90 error npm  v3.10.10
91 error path /usr/lib/node_modules/bower
92 error code EACCES
93 error errno -13
94 error syscall access
95 error Error: EACCES: permission denied, access '/usr/lib/node_modules/bower'
95 error     at Error (native)
95 error  { Error: EACCES: permission denied, access '/usr/lib/node_modules/bower'
95 error     at Error (native)
95 error   errno: -13,
95 error   code: 'EACCES',
95 error   syscall: 'access',
95 error   path: '/usr/lib/node_modules/bower' }
96 error Please try running this command again as root/Administrator.
97 verbose exit [ -13, true ]
